<?xml version="1.0" encoding="UTF-8"?>
<!-- Generated by org.testng.reporters.JUnitReportReporter -->
<testsuite hostname="family" name="ebay.EbayEx" tests="1" failures="0" timestamp="14 Jan 2017 07:05:55 GMT" time="19.873" errors="0">
  <testcase name="navigate" time="19.873" classname="ebay.EbayEx"/>
</testsuite> <!-- ebay.EbayEx -->
