<?xml version="1.0" encoding="UTF-8"?>
<!-- Generated by org.testng.reporters.JUnitReportReporter -->
<testsuite hostname="family" name="ebay.WalmartPrabha" tests="1" failures="0" timestamp="6 Jan 2017 19:30:47 GMT" time="15.931" errors="0">
  <testcase name="findMaxPrice" time="15.931" classname="ebay.WalmartPrabha"/>
</testsuite> <!-- ebay.WalmartPrabha -->
