<?xml version="1.0" encoding="UTF-8"?>
<!-- Generated by org.testng.reporters.JUnitReportReporter -->
<testsuite hostname="family" name="ebay.WellsfargoEx" tests="1" failures="0" timestamp="9 Jan 2017 00:12:31 GMT" time="21.017" errors="0">
  <testcase name="search" time="21.017" classname="ebay.WellsfargoEx"/>
</testsuite> <!-- ebay.WellsfargoEx -->
