<?xml version="1.0" encoding="UTF-8"?>
<!-- Generated by org.testng.reporters.JUnitReportReporter -->
<testsuite hostname="family" name="ebay.Walmart" tests="1" failures="0" timestamp="6 Jan 2017 19:49:55 GMT" time="22.562" errors="0">
  <testcase name="findMaxPrice" time="22.562" classname="ebay.Walmart"/>
</testsuite> <!-- ebay.Walmart -->
