<?xml version="1.0" encoding="UTF-8"?>
<!-- Generated by org.testng.reporters.JUnitReportReporter -->
<testsuite hostname="family" name="ebay.YelpEx" tests="1" failures="0" timestamp="14 Jan 2017 05:28:58 GMT" time="22.411" errors="0">
  <testcase name="findMaxReviews" time="22.411" classname="ebay.YelpEx"/>
</testsuite> <!-- ebay.YelpEx -->
