<?xml version="1.0" encoding="UTF-8"?>
<!-- Generated by org.testng.reporters.JUnitReportReporter -->
<testsuite hostname="family" name="ebay.WalmartCopy" tests="1" failures="0" timestamp="14 Jan 2017 04:28:41 GMT" time="21.995" errors="0">
  <testcase name="findMaxPrice" time="21.995" classname="ebay.WalmartCopy"/>
</testsuite> <!-- ebay.WalmartCopy -->
