<?xml version="1.0" encoding="UTF-8"?>
<!-- Generated by org.testng.reporters.JUnitReportReporter -->
<testsuite hostname="family" name="com.test.HomePageTest" tests="2" failures="0" timestamp="15 Jan 2017 20:28:41 GMT" time="4.369" errors="0">
  <testcase name="testCountCategories" time="1.364" classname="com.test.HomePageTest"/>
  <testcase name="testNavigate" time="3.005" classname="com.test.HomePageTest"/>
</testsuite> <!-- com.test.HomePageTest -->
